1594368362.5790279 [INFO] [launch]: All log files can be found below /home/miguel/.ros/log/2020-07-10-10-06-02-570235-ubuntu-vbox-91629
1594368362.5797720 [INFO] [launch]: Default logging verbosity is set to INFO
1594368363.8651540 [INFO] [gzserver-1]: process started with pid [91633]
1594368363.8665419 [INFO] [gzclient-2]: process started with pid [91635]
1594368363.8674772 [INFO] [robot_state_publisher-3]: process started with pid [91637]
1594368363.8698666 [INFO] [rviz2-4]: process started with pid [91639]
1594368363.8701253 [INFO] [map_server-5]: process started with pid [91641]
1594368363.8706367 [INFO] [amcl-6]: process started with pid [91652]
1594368363.8737876 [INFO] [lifecycle_manager-7]: process started with pid [91654]
1594368363.8741610 [INFO] [controller_server-8]: process started with pid [91656]
1594368363.8746326 [INFO] [planner_server-9]: process started with pid [91666]
1594368363.8748496 [INFO] [recoveries_server-10]: process started with pid [91681]
1594368363.8750701 [INFO] [bt_navigator-11]: process started with pid [91691]
1594368363.8752909 [INFO] [waypoint_follower-12]: process started with pid [91693]
1594368363.8754823 [INFO] [lifecycle_manager-13]: process started with pid [91703]
1594368549.1834042 [ERROR] [rviz2-4]: process has died [pid 91639, exit code -6, cmd '/home/miguel/ros2_master/install/rviz2/lib/rviz2/rviz2 -d /home/miguel/navigation2/nav2_ws/install/nav2_bringup/share/nav2_bringup/rviz/nav2_default_view.rviz --ros-args -r __node:=rviz2'].
1594368549.2159646 [INFO] [lifecycle_manager-13]: sending signal 'SIGINT' to process[lifecycle_manager-13]
1594368549.2704914 [INFO] [waypoint_follower-12]: sending signal 'SIGINT' to process[waypoint_follower-12]
1594368549.3954763 [INFO] [bt_navigator-11]: sending signal 'SIGINT' to process[bt_navigator-11]
1594368549.4242656 [INFO] [recoveries_server-10]: sending signal 'SIGINT' to process[recoveries_server-10]
1594368549.4945126 [INFO] [planner_server-9]: sending signal 'SIGINT' to process[planner_server-9]
1594368549.5786581 [INFO] [controller_server-8]: sending signal 'SIGINT' to process[controller_server-8]
1594368549.6132085 [INFO] [planner_server-9]: process has finished cleanly [pid 91666]
1594368549.6138856 [INFO] [recoveries_server-10]: process has finished cleanly [pid 91681]
1594368549.6775918 [INFO] [lifecycle_manager-7]: sending signal 'SIGINT' to process[lifecycle_manager-7]
1594368549.7299130 [INFO] [amcl-6]: sending signal 'SIGINT' to process[amcl-6]
1594368549.7324224 [INFO] [controller_server-8]: process has finished cleanly [pid 91656]
1594368549.7916915 [INFO] [map_server-5]: sending signal 'SIGINT' to process[map_server-5]
1594368549.8423960 [INFO] [robot_state_publisher-3]: sending signal 'SIGINT' to process[robot_state_publisher-3]
1594368549.8576393 [INFO] [gzclient-2]: sending signal 'SIGINT' to process[gzclient-2]
1594368549.8665657 [INFO] [gzserver-1]: sending signal 'SIGINT' to process[gzserver-1]
1594368549.8700070 [ERROR] [bt_navigator-11]: process has died [pid 91691, exit code -6, cmd '/home/miguel/navigation2/nav2_ws/install/nav2_bt_navigator/lib/nav2_bt_navigator/bt_navigator --ros-args -r __node:=bt_navigator -r /tf:=tf -r /tf_static:=tf_static --params-file /tmp/tmp34avindm'].
1594368550.3477592 [INFO] [lifecycle_manager-13]: process has finished cleanly [pid 91703]
1594368550.4644613 [INFO] [waypoint_follower-12]: process has finished cleanly [pid 91693]
1594368550.4881148 [INFO] [gzclient-2]: process has finished cleanly [pid 91635]
1594368550.8759637 [INFO] [lifecycle_manager-7]: process has finished cleanly [pid 91654]
1594368550.8945656 [INFO] [map_server-5]: process has finished cleanly [pid 91641]
1594368551.9349210 [INFO] [amcl-6]: process has finished cleanly [pid 91652]
1594368552.8843641 [INFO] [robot_state_publisher-3]: process has finished cleanly [pid 91637]
1594368554.2169094 [ERROR] [gzserver-1]: process[gzserver-1] failed to terminate '5' seconds after receiving 'SIGINT', escalating to 'SIGTERM'
1594368554.2238593 [INFO] [gzserver-1]: sending signal 'SIGTERM' to process[gzserver-1]
1594368554.2523339 [ERROR] [gzserver-1]: process has died [pid 91633, exit code -15, cmd 'gzserver -s libgazebo_ros_init.so /home/miguel/navigation2/nav2_ws/install/nav2_bringup/share/nav2_bringup/worlds/waffle.model'].
