1594372090.4834590 [INFO] [launch]: All log files can be found below /home/miguel/.ros/log/2020-07-10-11-08-10-474436-ubuntu-vbox-180510
1594372090.4842973 [INFO] [launch]: Default logging verbosity is set to INFO
1594372091.7047720 [INFO] [gzserver-1]: process started with pid [180514]
1594372091.7061672 [INFO] [gzclient-2]: process started with pid [180516]
1594372091.7065830 [INFO] [robot_state_publisher-3]: process started with pid [180518]
1594372091.7069685 [INFO] [rviz2-4]: process started with pid [180520]
1594372091.7073328 [INFO] [map_server-5]: process started with pid [180522]
1594372091.7075527 [INFO] [amcl-6]: process started with pid [180524]
1594372091.7182100 [INFO] [lifecycle_manager-7]: process started with pid [180532]
1594372091.7185159 [INFO] [controller_server-8]: process started with pid [180535]
1594372091.7188232 [INFO] [planner_server-9]: process started with pid [180537]
1594372091.7202539 [INFO] [recoveries_server-10]: process started with pid [180539]
1594372091.7204928 [INFO] [bt_navigator-11]: process started with pid [180547]
1594372091.7207866 [INFO] [waypoint_follower-12]: process started with pid [180551]
1594372091.7210689 [INFO] [lifecycle_manager-13]: process started with pid [180556]
1594372297.4573493 [INFO] [rviz2-4]: process has finished cleanly [pid 180520]
1594372297.4784701 [INFO] [lifecycle_manager-13]: sending signal 'SIGINT' to process[lifecycle_manager-13]
1594372297.4898880 [INFO] [waypoint_follower-12]: sending signal 'SIGINT' to process[waypoint_follower-12]
1594372297.5150826 [INFO] [bt_navigator-11]: sending signal 'SIGINT' to process[bt_navigator-11]
1594372297.7038987 [INFO] [recoveries_server-10]: sending signal 'SIGINT' to process[recoveries_server-10]
1594372297.7734461 [INFO] [planner_server-9]: sending signal 'SIGINT' to process[planner_server-9]
1594372297.8318536 [INFO] [controller_server-8]: sending signal 'SIGINT' to process[controller_server-8]
1594372297.8403289 [INFO] [recoveries_server-10]: process has finished cleanly [pid 180539]
1594372297.8509054 [INFO] [lifecycle_manager-7]: sending signal 'SIGINT' to process[lifecycle_manager-7]
1594372297.8621104 [INFO] [waypoint_follower-12]: process has finished cleanly [pid 180551]
1594372297.8651326 [INFO] [amcl-6]: sending signal 'SIGINT' to process[amcl-6]
1594372297.8859093 [INFO] [controller_server-8]: process has finished cleanly [pid 180535]
1594372297.8939986 [INFO] [map_server-5]: sending signal 'SIGINT' to process[map_server-5]
1594372297.9224005 [INFO] [lifecycle_manager-13]: process has finished cleanly [pid 180556]
1594372297.9232059 [INFO] [bt_navigator-11]: process has finished cleanly [pid 180547]
1594372297.9675162 [INFO] [robot_state_publisher-3]: sending signal 'SIGINT' to process[robot_state_publisher-3]
1594372297.9951394 [INFO] [planner_server-9]: process has finished cleanly [pid 180537]
1594372298.0061300 [INFO] [gzclient-2]: sending signal 'SIGINT' to process[gzclient-2]
1594372298.0264847 [INFO] [gzserver-1]: sending signal 'SIGINT' to process[gzserver-1]
1594372298.0280826 [INFO] [map_server-5]: process has finished cleanly [pid 180522]
1594372298.0287676 [INFO] [lifecycle_manager-7]: process has finished cleanly [pid 180532]
1594372298.0304813 [INFO] [robot_state_publisher-3]: process has finished cleanly [pid 180518]
1594372298.0786035 [INFO] [amcl-6]: process has finished cleanly [pid 180524]
1594372298.2932529 [ERROR] [gzserver-1]: process has died [pid 180514, exit code -11, cmd 'gzserver -s libgazebo_ros_init.so /home/miguel/navigation2/nav2_ws/install/nav2_bringup/share/nav2_bringup/worlds/waffle.model'].
1594372298.3792906 [INFO] [gzclient-2]: process has finished cleanly [pid 180516]
