[INFO] [1594369012.862541979] [amcl]: 
	amcl lifecycle node launched. 
	Waiting on external lifecycle transitions to activate
	See https://design.ros2.org/articles/node_lifecycle.html for more information.
[INFO] [1594369012.862769152] [amcl]: Creating
[INFO] [1594369013.519694888] [amcl]: Configuring
[INFO] [1594369013.520649110] [amcl]: initTransforms
[INFO] [1594369013.622772775] [amcl]: initPubSub
[INFO] [1594369013.659765020] [amcl]: Subscribed to map topic.
[INFO] [1594369013.694151875] [amcl]: Received a 384 X 384 map @ 0.050 m/pix
[INFO] [1594369013.709872411] [amcl]: Activating
[WARN] [1594369013.710479645] [amcl]: Publishing the particle cloud as geometry_msgs/PoseArray msg is deprecated, will be published as nav2_msgs/ParticleCloud in the future
[WARN] [1594369015.642810820] [amcl]: New subscription discovered on this topic, requesting incompatible QoS. No messages will be sent to it. Last incompatible policy: RELIABILITY_QOS_POLICY
[INFO] [1594369086.008698343] [amcl]: createLaserObject
[WARN] [1594369088.942310201] [amcl]: ACML cannot publish a pose or update the transform. Please set the initial pose...
[WARN] [1594369091.691381476] [amcl]: ACML cannot publish a pose or update the transform. Please set the initial pose...
[WARN] [1594369094.207088081] [amcl]: ACML cannot publish a pose or update the transform. Please set the initial pose...
[WARN] [1594369096.597933622] [amcl]: ACML cannot publish a pose or update the transform. Please set the initial pose...
[WARN] [1594369099.483638937] [amcl]: ACML cannot publish a pose or update the transform. Please set the initial pose...
[WARN] [1594369102.241938261] [amcl]: ACML cannot publish a pose or update the transform. Please set the initial pose...
[WARN] [1594369105.298894658] [amcl]: ACML cannot publish a pose or update the transform. Please set the initial pose...
[WARN] [1594369107.929571957] [amcl]: ACML cannot publish a pose or update the transform. Please set the initial pose...
[WARN] [1594369110.553809642] [amcl]: ACML cannot publish a pose or update the transform. Please set the initial pose...
[WARN] [1594369113.346335760] [amcl]: ACML cannot publish a pose or update the transform. Please set the initial pose...
[WARN] [1594369115.901975987] [amcl]: ACML cannot publish a pose or update the transform. Please set the initial pose...
[WARN] [1594369118.765899930] [amcl]: ACML cannot publish a pose or update the transform. Please set the initial pose...
[WARN] [1594369121.590631292] [amcl]: ACML cannot publish a pose or update the transform. Please set the initial pose...
[WARN] [1594369124.172756321] [amcl]: ACML cannot publish a pose or update the transform. Please set the initial pose...
[WARN] [1594369127.033427174] [amcl]: ACML cannot publish a pose or update the transform. Please set the initial pose...
[WARN] [1594369129.956461328] [amcl]: ACML cannot publish a pose or update the transform. Please set the initial pose...
[WARN] [1594369132.878548913] [amcl]: ACML cannot publish a pose or update the transform. Please set the initial pose...
[WARN] [1594369135.708783016] [amcl]: ACML cannot publish a pose or update the transform. Please set the initial pose...
[WARN] [1594369138.624911832] [amcl]: ACML cannot publish a pose or update the transform. Please set the initial pose...
[WARN] [1594369141.651772558] [amcl]: ACML cannot publish a pose or update the transform. Please set the initial pose...
[WARN] [1594369144.293147844] [amcl]: ACML cannot publish a pose or update the transform. Please set the initial pose...
[WARN] [1594369147.146273410] [amcl]: ACML cannot publish a pose or update the transform. Please set the initial pose...
[WARN] [1594369150.546152213] [amcl]: ACML cannot publish a pose or update the transform. Please set the initial pose...
[WARN] [1594369155.302991537] [amcl]: ACML cannot publish a pose or update the transform. Please set the initial pose...
[WARN] [1594369160.189398095] [amcl]: ACML cannot publish a pose or update the transform. Please set the initial pose...
[WARN] [1594369165.220556726] [amcl]: ACML cannot publish a pose or update the transform. Please set the initial pose...
[INFO] [1594369167.747983192] [amcl]: initialPoseReceived
[WARN] [1594369167.748385809] [amcl]: Failed to transform initial pose in time (Lookup would require extrapolation into the future.  Requested time 1594369167.746168 but the latest data is at time 56.270000, when looking up transform from frame [odom] to frame [base_footprint])
[INFO] [1594369167.748469690] [amcl]: Setting pose (56.259000): -1.993 -0.015 0.008
[INFO] [1594369222.917157947] [rclcpp]: signal_handler(signal_value=2)
