[INFO] [1594369374.197451137] [amcl]: 
	amcl lifecycle node launched. 
	Waiting on external lifecycle transitions to activate
	See https://design.ros2.org/articles/node_lifecycle.html for more information.
[INFO] [1594369374.203102514] [amcl]: Creating
[INFO] [1594369375.230745896] [amcl]: Configuring
[INFO] [1594369375.231775772] [amcl]: initTransforms
[INFO] [1594369375.317559830] [amcl]: initPubSub
[INFO] [1594369375.388197512] [amcl]: Subscribed to map topic.
[INFO] [1594369375.432430857] [amcl]: Received a 384 X 384 map @ 0.050 m/pix
[INFO] [1594369375.445967282] [amcl]: Activating
[WARN] [1594369375.446032828] [amcl]: Publishing the particle cloud as geometry_msgs/PoseArray msg is deprecated, will be published as nav2_msgs/ParticleCloud in the future
[INFO] [1594369447.004818132] [amcl]: createLaserObject
[WARN] [1594369449.634411443] [amcl]: ACML cannot publish a pose or update the transform. Please set the initial pose...
[WARN] [1594369452.449773111] [amcl]: ACML cannot publish a pose or update the transform. Please set the initial pose...
[WARN] [1594369455.067942813] [amcl]: ACML cannot publish a pose or update the transform. Please set the initial pose...
[WARN] [1594369457.767251779] [amcl]: ACML cannot publish a pose or update the transform. Please set the initial pose...
[WARN] [1594369460.479496511] [amcl]: ACML cannot publish a pose or update the transform. Please set the initial pose...
[WARN] [1594369463.265649449] [amcl]: ACML cannot publish a pose or update the transform. Please set the initial pose...
[WARN] [1594369465.966120089] [amcl]: ACML cannot publish a pose or update the transform. Please set the initial pose...
[WARN] [1594369468.572350481] [amcl]: ACML cannot publish a pose or update the transform. Please set the initial pose...
[WARN] [1594369471.496299189] [amcl]: ACML cannot publish a pose or update the transform. Please set the initial pose...
[WARN] [1594369474.414372621] [amcl]: ACML cannot publish a pose or update the transform. Please set the initial pose...
[WARN] [1594369477.096893920] [amcl]: ACML cannot publish a pose or update the transform. Please set the initial pose...
[WARN] [1594369479.619058949] [amcl]: ACML cannot publish a pose or update the transform. Please set the initial pose...
[WARN] [1594369482.549994565] [amcl]: ACML cannot publish a pose or update the transform. Please set the initial pose...
[WARN] [1594369485.283371428] [amcl]: ACML cannot publish a pose or update the transform. Please set the initial pose...
[WARN] [1594369488.337985328] [amcl]: ACML cannot publish a pose or update the transform. Please set the initial pose...
[WARN] [1594369491.237851889] [amcl]: ACML cannot publish a pose or update the transform. Please set the initial pose...
[WARN] [1594369494.014454876] [amcl]: ACML cannot publish a pose or update the transform. Please set the initial pose...
[WARN] [1594369497.340574746] [amcl]: ACML cannot publish a pose or update the transform. Please set the initial pose...
[WARN] [1594369499.803772917] [amcl]: ACML cannot publish a pose or update the transform. Please set the initial pose...
[WARN] [1594369502.554055927] [amcl]: ACML cannot publish a pose or update the transform. Please set the initial pose...
[WARN] [1594369505.659293823] [amcl]: ACML cannot publish a pose or update the transform. Please set the initial pose...
[WARN] [1594369508.634278223] [amcl]: ACML cannot publish a pose or update the transform. Please set the initial pose...
[WARN] [1594369512.264094481] [amcl]: ACML cannot publish a pose or update the transform. Please set the initial pose...
[WARN] [1594369517.732331962] [amcl]: ACML cannot publish a pose or update the transform. Please set the initial pose...
[WARN] [1594369522.942544723] [amcl]: ACML cannot publish a pose or update the transform. Please set the initial pose...
[WARN] [1594369527.889434990] [amcl]: ACML cannot publish a pose or update the transform. Please set the initial pose...
[WARN] [1594369532.597332221] [amcl]: ACML cannot publish a pose or update the transform. Please set the initial pose...
[WARN] [1594369537.791000535] [amcl]: ACML cannot publish a pose or update the transform. Please set the initial pose...
[WARN] [1594369542.603574785] [amcl]: ACML cannot publish a pose or update the transform. Please set the initial pose...
[WARN] [1594369547.790770333] [amcl]: ACML cannot publish a pose or update the transform. Please set the initial pose...
[INFO] [1594369549.897086243] [amcl]: initialPoseReceived
[WARN] [1594369549.897281274] [amcl]: Failed to transform initial pose in time (Lookup would require extrapolation into the future.  Requested time 64.381000 but the latest data is at time 64.362000, when looking up transform from frame [base_footprint] to frame [odom])
[INFO] [1594369549.897330068] [amcl]: Setting pose (64.381000): -2.000 0.001 -0.005
[INFO] [1594369568.752213207] [rclcpp]: signal_handler(signal_value=2)
