[INFO] [1594369374.838352351] [bt_navigator]: 
	bt_navigator lifecycle node launched. 
	Waiting on external lifecycle transitions to activate
	See https://design.ros2.org/articles/node_lifecycle.html for more information.
[INFO] [1594369374.842274612] [bt_navigator]: Creating
[INFO] [1594369376.462962424] [bt_navigator]: Configuring
[INFO] [1594369376.601155927] [bt_navigator_rclcpp_node]: Waiting for "compute_path_to_pose" action server
[INFO] [1594369376.603192304] [bt_navigator_rclcpp_node]: "ComputePathToPose" BtActionNode initialized
[INFO] [1594369376.609190123] [bt_navigator_rclcpp_node]: Waiting for "global_costmap/clear_entirely_global_costmap" service
[INFO] [1594369376.610851297] [bt_navigator_rclcpp_node]: "ClearGlobalCostmap-Context" BtServiceNode initialized
[INFO] [1594369376.630075823] [bt_navigator_rclcpp_node]: Waiting for "follow_path" action server
[INFO] [1594369376.631708109] [bt_navigator_rclcpp_node]: "FollowPath" BtActionNode initialized
[INFO] [1594369376.647836010] [bt_navigator_rclcpp_node]: Waiting for "local_costmap/clear_entirely_local_costmap" service
[INFO] [1594369376.649455973] [bt_navigator_rclcpp_node]: "ClearLocalCostmap-Context" BtServiceNode initialized
[INFO] [1594369376.655800214] [bt_navigator_rclcpp_node]: Waiting for "local_costmap/clear_entirely_local_costmap" service
[INFO] [1594369376.657613041] [bt_navigator_rclcpp_node]: "ClearLocalCostmap-Subtree" BtServiceNode initialized
[INFO] [1594369376.672604685] [bt_navigator_rclcpp_node]: Waiting for "global_costmap/clear_entirely_global_costmap" service
[INFO] [1594369376.674157160] [bt_navigator_rclcpp_node]: "ClearGlobalCostmap-Subtree" BtServiceNode initialized
[INFO] [1594369376.741743443] [bt_navigator_rclcpp_node]: Waiting for "spin" action server
[INFO] [1594369376.746320530] [bt_navigator_rclcpp_node]: "Spin" BtActionNode initialized
[INFO] [1594369376.772294890] [bt_navigator_rclcpp_node]: Waiting for "wait" action server
[INFO] [1594369376.772881493] [bt_navigator_rclcpp_node]: "Wait" BtActionNode initialized
[INFO] [1594369552.577754389] [bt_navigator]: Activating
[INFO] [1594369568.707530254] [rclcpp]: signal_handler(signal_value=2)
