[INFO] [1594371611.200081479] [bt_navigator]: 
	bt_navigator lifecycle node launched. 
	Waiting on external lifecycle transitions to activate
	See https://design.ros2.org/articles/node_lifecycle.html for more information.
[INFO] [1594371611.207149955] [bt_navigator]: Creating
[INFO] [1594371612.659473080] [bt_navigator]: Configuring
[INFO] [1594371612.810555392] [bt_navigator_rclcpp_node]: Waiting for "compute_path_to_pose" action server
[INFO] [1594371612.811749794] [bt_navigator_rclcpp_node]: "ComputePathToPose" BtActionNode initialized
[INFO] [1594371612.818150353] [bt_navigator_rclcpp_node]: Waiting for "global_costmap/clear_entirely_global_costmap" service
[INFO] [1594371612.818434802] [bt_navigator_rclcpp_node]: "ClearGlobalCostmap-Context" BtServiceNode initialized
[INFO] [1594371612.859120616] [bt_navigator_rclcpp_node]: Waiting for "follow_path" action server
[INFO] [1594371612.860799653] [bt_navigator_rclcpp_node]: "FollowPath" BtActionNode initialized
[INFO] [1594371612.869419581] [bt_navigator_rclcpp_node]: Waiting for "local_costmap/clear_entirely_local_costmap" service
[INFO] [1594371612.870866483] [bt_navigator_rclcpp_node]: "ClearLocalCostmap-Context" BtServiceNode initialized
[INFO] [1594371612.879181365] [bt_navigator_rclcpp_node]: Waiting for "local_costmap/clear_entirely_local_costmap" service
[INFO] [1594371612.880305254] [bt_navigator_rclcpp_node]: "ClearLocalCostmap-Subtree" BtServiceNode initialized
[INFO] [1594371612.892469986] [bt_navigator_rclcpp_node]: Waiting for "global_costmap/clear_entirely_global_costmap" service
[INFO] [1594371612.893666900] [bt_navigator_rclcpp_node]: "ClearGlobalCostmap-Subtree" BtServiceNode initialized
[INFO] [1594371612.922009641] [bt_navigator_rclcpp_node]: Waiting for "spin" action server
[INFO] [1594371612.922658118] [bt_navigator_rclcpp_node]: "Spin" BtActionNode initialized
[INFO] [1594371612.943194046] [bt_navigator_rclcpp_node]: Waiting for "wait" action server
[INFO] [1594371612.946099860] [bt_navigator_rclcpp_node]: "Wait" BtActionNode initialized
[INFO] [1594371778.315763976] [bt_navigator]: Activating
[INFO] [1594371814.195465228] [bt_navigator]: Begin navigating from current location to (-0.51, -0.59)
[INFO] [1594371832.065122728] [bt_navigator]: Navigation succeeded
[INFO] [1594371842.929331699] [rclcpp]: signal_handler(signal_value=2)
