[INFO] [1594370031.770119336] [amcl]: 
	amcl lifecycle node launched. 
	Waiting on external lifecycle transitions to activate
	See https://design.ros2.org/articles/node_lifecycle.html for more information.
[INFO] [1594370031.770389232] [amcl]: Creating
[INFO] [1594370032.491694520] [amcl]: Configuring
[INFO] [1594370032.492637306] [amcl]: initTransforms
[INFO] [1594370032.536275604] [amcl]: initPubSub
[INFO] [1594370032.579589908] [amcl]: Subscribed to map topic.
[INFO] [1594370032.632996998] [amcl]: Activating
[WARN] [1594370032.633038622] [amcl]: Publishing the particle cloud as geometry_msgs/PoseArray msg is deprecated, will be published as nav2_msgs/ParticleCloud in the future
[INFO] [1594370032.697593187] [amcl]: Received a 384 X 384 map @ 0.050 m/pix
[INFO] [1594370104.011978919] [amcl]: createLaserObject
[WARN] [1594370106.910045679] [amcl]: ACML cannot publish a pose or update the transform. Please set the initial pose...
[WARN] [1594370109.670015508] [amcl]: ACML cannot publish a pose or update the transform. Please set the initial pose...
[WARN] [1594370112.299953708] [amcl]: ACML cannot publish a pose or update the transform. Please set the initial pose...
[WARN] [1594370115.105191239] [amcl]: ACML cannot publish a pose or update the transform. Please set the initial pose...
[WARN] [1594370117.829932371] [amcl]: ACML cannot publish a pose or update the transform. Please set the initial pose...
[WARN] [1594370120.692837742] [amcl]: ACML cannot publish a pose or update the transform. Please set the initial pose...
[WARN] [1594370123.322556853] [amcl]: ACML cannot publish a pose or update the transform. Please set the initial pose...
[WARN] [1594370126.151241942] [amcl]: ACML cannot publish a pose or update the transform. Please set the initial pose...
[WARN] [1594370129.095786305] [amcl]: ACML cannot publish a pose or update the transform. Please set the initial pose...
[WARN] [1594370132.007179157] [amcl]: ACML cannot publish a pose or update the transform. Please set the initial pose...
[WARN] [1594370135.246186925] [amcl]: ACML cannot publish a pose or update the transform. Please set the initial pose...
[WARN] [1594370138.754413819] [amcl]: ACML cannot publish a pose or update the transform. Please set the initial pose...
[WARN] [1594370142.485359482] [amcl]: ACML cannot publish a pose or update the transform. Please set the initial pose...
[WARN] [1594370145.993524177] [amcl]: ACML cannot publish a pose or update the transform. Please set the initial pose...
[WARN] [1594370149.701987925] [amcl]: ACML cannot publish a pose or update the transform. Please set the initial pose...
[WARN] [1594370153.558778228] [amcl]: ACML cannot publish a pose or update the transform. Please set the initial pose...
[WARN] [1594370157.233954343] [amcl]: ACML cannot publish a pose or update the transform. Please set the initial pose...
[WARN] [1594370160.836750837] [amcl]: ACML cannot publish a pose or update the transform. Please set the initial pose...
[WARN] [1594370164.571795122] [amcl]: ACML cannot publish a pose or update the transform. Please set the initial pose...
[WARN] [1594370168.014217939] [amcl]: ACML cannot publish a pose or update the transform. Please set the initial pose...
[WARN] [1594370171.760614103] [amcl]: ACML cannot publish a pose or update the transform. Please set the initial pose...
[WARN] [1594370177.061668248] [amcl]: ACML cannot publish a pose or update the transform. Please set the initial pose...
[WARN] [1594370182.296075592] [amcl]: ACML cannot publish a pose or update the transform. Please set the initial pose...
[INFO] [1594370183.346953293] [amcl]: initialPoseReceived
[WARN] [1594370183.347146763] [amcl]: Failed to transform initial pose in time (Lookup would require extrapolation into the future.  Requested time 1594370183.341354 but the latest data is at time 48.756000, when looking up transform from frame [odom] to frame [base_footprint])
[INFO] [1594370183.347187851] [amcl]: Setting pose (48.754000): -2.000 -0.007 -0.004
[INFO] [1594370235.699413879] [rclcpp]: signal_handler(signal_value=2)
