[INFO] [1594370032.258645589] [bt_navigator]: 
	bt_navigator lifecycle node launched. 
	Waiting on external lifecycle transitions to activate
	See https://design.ros2.org/articles/node_lifecycle.html for more information.
[INFO] [1594370032.263964770] [bt_navigator]: Creating
[INFO] [1594370033.955840515] [bt_navigator]: Configuring
[INFO] [1594370034.156594535] [bt_navigator_rclcpp_node]: Waiting for "compute_path_to_pose" action server
[INFO] [1594370034.158153194] [bt_navigator_rclcpp_node]: "ComputePathToPose" BtActionNode initialized
[INFO] [1594370034.167204740] [bt_navigator_rclcpp_node]: Waiting for "global_costmap/clear_entirely_global_costmap" service
[INFO] [1594370034.168313108] [bt_navigator_rclcpp_node]: "ClearGlobalCostmap-Context" BtServiceNode initialized
[INFO] [1594370034.210610435] [bt_navigator_rclcpp_node]: Waiting for "follow_path" action server
[INFO] [1594370034.215203738] [bt_navigator_rclcpp_node]: "FollowPath" BtActionNode initialized
[INFO] [1594370034.222456089] [bt_navigator_rclcpp_node]: Waiting for "local_costmap/clear_entirely_local_costmap" service
[INFO] [1594370034.222786489] [bt_navigator_rclcpp_node]: "ClearLocalCostmap-Context" BtServiceNode initialized
[INFO] [1594370034.244370806] [bt_navigator_rclcpp_node]: Waiting for "local_costmap/clear_entirely_local_costmap" service
[INFO] [1594370034.250556074] [bt_navigator_rclcpp_node]: "ClearLocalCostmap-Subtree" BtServiceNode initialized
[INFO] [1594370034.261690145] [bt_navigator_rclcpp_node]: Waiting for "global_costmap/clear_entirely_global_costmap" service
[INFO] [1594370034.268155228] [bt_navigator_rclcpp_node]: "ClearGlobalCostmap-Subtree" BtServiceNode initialized
[INFO] [1594370034.322456948] [bt_navigator_rclcpp_node]: Waiting for "spin" action server
[INFO] [1594370034.325460443] [bt_navigator_rclcpp_node]: "Spin" BtActionNode initialized
[INFO] [1594370034.367610924] [bt_navigator_rclcpp_node]: Waiting for "wait" action server
[INFO] [1594370034.368455968] [bt_navigator_rclcpp_node]: "Wait" BtActionNode initialized
[INFO] [1594370186.239757592] [bt_navigator]: Activating
[INFO] [1594370206.729974906] [bt_navigator]: Begin navigating from current location to (-0.55, -0.58)
[INFO] [1594370223.966725089] [bt_navigator]: Navigation succeeded
[INFO] [1594370235.355046211] [rclcpp]: signal_handler(signal_value=2)
