1594371609.0588853 [INFO] [launch]: All log files can be found below /home/miguel/.ros/log/2020-07-10-11-00-09-049405-ubuntu-vbox-179490
1594371609.0597727 [INFO] [launch]: Default logging verbosity is set to INFO
1594371610.3082924 [INFO] [gzserver-1]: process started with pid [179494]
1594371610.3090231 [INFO] [gzclient-2]: process started with pid [179496]
1594371610.3093779 [INFO] [robot_state_publisher-3]: process started with pid [179498]
1594371610.3096762 [INFO] [rviz2-4]: process started with pid [179500]
1594371610.3099718 [INFO] [map_server-5]: process started with pid [179502]
1594371610.3102579 [INFO] [amcl-6]: process started with pid [179509]
1594371610.3105376 [INFO] [lifecycle_manager-7]: process started with pid [179513]
1594371610.3108363 [INFO] [controller_server-8]: process started with pid [179515]
1594371610.3111186 [INFO] [planner_server-9]: process started with pid [179517]
1594371610.3113899 [INFO] [recoveries_server-10]: process started with pid [179520]
1594371610.3116407 [INFO] [bt_navigator-11]: process started with pid [179522]
1594371610.3120177 [INFO] [waypoint_follower-12]: process started with pid [179530]
1594371610.3123691 [INFO] [lifecycle_manager-13]: process started with pid [179533]
1594371842.8922603 [INFO] [rviz2-4]: process has finished cleanly [pid 179500]
1594371842.9147050 [INFO] [lifecycle_manager-13]: sending signal 'SIGINT' to process[lifecycle_manager-13]
1594371842.9212482 [INFO] [waypoint_follower-12]: sending signal 'SIGINT' to process[waypoint_follower-12]
1594371842.9286914 [INFO] [bt_navigator-11]: sending signal 'SIGINT' to process[bt_navigator-11]
1594371842.9351871 [INFO] [recoveries_server-10]: sending signal 'SIGINT' to process[recoveries_server-10]
1594371842.9514017 [INFO] [planner_server-9]: sending signal 'SIGINT' to process[planner_server-9]
1594371842.9641278 [INFO] [recoveries_server-10]: process has finished cleanly [pid 179520]
1594371842.9665160 [INFO] [controller_server-8]: sending signal 'SIGINT' to process[controller_server-8]
1594371842.9707422 [INFO] [lifecycle_manager-7]: sending signal 'SIGINT' to process[lifecycle_manager-7]
1594371842.9950688 [INFO] [amcl-6]: sending signal 'SIGINT' to process[amcl-6]
1594371843.0009968 [INFO] [map_server-5]: sending signal 'SIGINT' to process[map_server-5]
1594371843.0544195 [INFO] [robot_state_publisher-3]: sending signal 'SIGINT' to process[robot_state_publisher-3]
1594371843.0554614 [INFO] [planner_server-9]: process has finished cleanly [pid 179517]
1594371843.1076109 [INFO] [gzclient-2]: sending signal 'SIGINT' to process[gzclient-2]
1594371843.1808281 [INFO] [gzserver-1]: sending signal 'SIGINT' to process[gzserver-1]
1594371843.1834998 [INFO] [waypoint_follower-12]: process has finished cleanly [pid 179530]
1594371843.1839557 [INFO] [controller_server-8]: process has finished cleanly [pid 179515]
1594371843.2632177 [INFO] [robot_state_publisher-3]: process has finished cleanly [pid 179498]
1594371843.2683411 [INFO] [lifecycle_manager-7]: process has finished cleanly [pid 179513]
1594371843.2941422 [INFO] [map_server-5]: process has finished cleanly [pid 179502]
1594371843.2945898 [INFO] [lifecycle_manager-13]: process has finished cleanly [pid 179533]
1594371843.3416722 [INFO] [amcl-6]: process has finished cleanly [pid 179509]
1594371843.3847861 [INFO] [bt_navigator-11]: process has finished cleanly [pid 179522]
1594371843.7188141 [INFO] [gzclient-2]: process has finished cleanly [pid 179496]
1594371843.8431764 [INFO] [gzserver-1]: process has finished cleanly [pid 179494]
