1594370030.1396511 [INFO] [launch]: All log files can be found below /home/miguel/.ros/log/2020-07-10-10-33-50-129292-ubuntu-vbox-95666
1594370030.1406231 [INFO] [launch]: Default logging verbosity is set to INFO
1594370031.3863640 [INFO] [gzserver-1]: process started with pid [95669]
1594370031.3869231 [INFO] [gzclient-2]: process started with pid [95671]
1594370031.3871469 [INFO] [robot_state_publisher-3]: process started with pid [95673]
1594370031.3873456 [INFO] [rviz2-4]: process started with pid [95675]
1594370031.3875377 [INFO] [map_server-5]: process started with pid [95677]
1594370031.3877604 [INFO] [amcl-6]: process started with pid [95679]
1594370031.3878949 [INFO] [lifecycle_manager-7]: process started with pid [95688]
1594370031.3880651 [INFO] [controller_server-8]: process started with pid [95690]
1594370031.3882060 [INFO] [planner_server-9]: process started with pid [95692]
1594370031.3883402 [INFO] [recoveries_server-10]: process started with pid [95694]
1594370031.3885093 [INFO] [bt_navigator-11]: process started with pid [95697]
1594370031.3886464 [INFO] [waypoint_follower-12]: process started with pid [95699]
1594370031.3887782 [INFO] [lifecycle_manager-13]: process started with pid [95711]
1594370235.2605052 [INFO] [rviz2-4]: process has finished cleanly [pid 95675]
1594370235.3005140 [INFO] [lifecycle_manager-13]: sending signal 'SIGINT' to process[lifecycle_manager-13]
1594370235.3306000 [INFO] [waypoint_follower-12]: sending signal 'SIGINT' to process[waypoint_follower-12]
1594370235.3508286 [INFO] [bt_navigator-11]: sending signal 'SIGINT' to process[bt_navigator-11]
1594370235.4767046 [INFO] [recoveries_server-10]: sending signal 'SIGINT' to process[recoveries_server-10]
1594370235.5744050 [INFO] [planner_server-9]: sending signal 'SIGINT' to process[planner_server-9]
1594370235.5887449 [INFO] [recoveries_server-10]: process has finished cleanly [pid 95694]
1594370235.5973995 [INFO] [controller_server-8]: sending signal 'SIGINT' to process[controller_server-8]
1594370235.6441784 [INFO] [lifecycle_manager-7]: sending signal 'SIGINT' to process[lifecycle_manager-7]
1594370235.6985731 [INFO] [amcl-6]: sending signal 'SIGINT' to process[amcl-6]
1594370235.7160378 [INFO] [map_server-5]: sending signal 'SIGINT' to process[map_server-5]
1594370235.7409513 [INFO] [planner_server-9]: process has finished cleanly [pid 95692]
1594370235.7429223 [INFO] [controller_server-8]: process has finished cleanly [pid 95690]
1594370235.7437267 [INFO] [lifecycle_manager-13]: process has finished cleanly [pid 95711]
1594370235.8043835 [INFO] [robot_state_publisher-3]: sending signal 'SIGINT' to process[robot_state_publisher-3]
1594370235.8179519 [INFO] [gzclient-2]: sending signal 'SIGINT' to process[gzclient-2]
1594370235.8298585 [INFO] [waypoint_follower-12]: process has finished cleanly [pid 95699]
1594370235.8308430 [INFO] [map_server-5]: process has finished cleanly [pid 95677]
1594370235.8362603 [INFO] [gzserver-1]: sending signal 'SIGINT' to process[gzserver-1]
1594370235.8774195 [INFO] [lifecycle_manager-7]: process has finished cleanly [pid 95688]
1594370235.8819213 [INFO] [robot_state_publisher-3]: process has finished cleanly [pid 95673]
1594370235.9282670 [INFO] [amcl-6]: process has finished cleanly [pid 95679]
1594370235.9579337 [INFO] [bt_navigator-11]: process has finished cleanly [pid 95697]
1594370236.1102204 [ERROR] [gzserver-1]: process has died [pid 95669, exit code -11, cmd 'gzserver -s libgazebo_ros_init.so /home/miguel/navigation2/nav2_ws/install/nav2_bringup/share/nav2_bringup/worlds/waffle.model'].
1594370236.3513448 [INFO] [gzclient-2]: process has finished cleanly [pid 95671]
