[INFO] [1594372092.648581778] [bt_navigator]: 
	bt_navigator lifecycle node launched. 
	Waiting on external lifecycle transitions to activate
	See https://design.ros2.org/articles/node_lifecycle.html for more information.
[INFO] [1594372092.652413013] [bt_navigator]: Creating
[INFO] [1594372094.096199619] [bt_navigator]: Configuring
[INFO] [1594372094.264582368] [bt_navigator_rclcpp_node]: Waiting for "compute_path_to_pose" action server
[INFO] [1594372094.266086323] [bt_navigator_rclcpp_node]: "ComputePathToPose" BtActionNode initialized
[INFO] [1594372094.269618942] [bt_navigator_rclcpp_node]: Waiting for "global_costmap/clear_entirely_global_costmap" service
[INFO] [1594372094.270304706] [bt_navigator_rclcpp_node]: "ClearGlobalCostmap-Context" BtServiceNode initialized
[INFO] [1594372094.282289955] [bt_navigator_rclcpp_node]: Waiting for "follow_path" action server
[INFO] [1594372094.282889863] [bt_navigator_rclcpp_node]: "FollowPath" BtActionNode initialized
[INFO] [1594372094.286373198] [bt_navigator_rclcpp_node]: Waiting for "local_costmap/clear_entirely_local_costmap" service
[INFO] [1594372094.286923632] [bt_navigator_rclcpp_node]: "ClearLocalCostmap-Context" BtServiceNode initialized
[INFO] [1594372094.290232761] [bt_navigator_rclcpp_node]: Waiting for "local_costmap/clear_entirely_local_costmap" service
[INFO] [1594372094.290556508] [bt_navigator_rclcpp_node]: "ClearLocalCostmap-Subtree" BtServiceNode initialized
[INFO] [1594372094.293114118] [bt_navigator_rclcpp_node]: Waiting for "global_costmap/clear_entirely_global_costmap" service
[INFO] [1594372094.293448799] [bt_navigator_rclcpp_node]: "ClearGlobalCostmap-Subtree" BtServiceNode initialized
[INFO] [1594372094.305264756] [bt_navigator_rclcpp_node]: Waiting for "spin" action server
[INFO] [1594372094.306318587] [bt_navigator_rclcpp_node]: "Spin" BtActionNode initialized
[INFO] [1594372094.325625734] [bt_navigator_rclcpp_node]: Waiting for "wait" action server
[INFO] [1594372094.326314679] [bt_navigator_rclcpp_node]: "Wait" BtActionNode initialized
[INFO] [1594372248.164384708] [bt_navigator]: Activating
[INFO] [1594372265.857159308] [bt_navigator]: Begin navigating from current location to (-0.56, -0.54)
[INFO] [1594372282.947397668] [bt_navigator]: Navigation succeeded
[INFO] [1594372297.515959079] [rclcpp]: signal_handler(signal_value=2)
