1594369011.4955449 [INFO] [launch]: All log files can be found below /home/miguel/.ros/log/2020-07-10-10-16-51-486712-ubuntu-vbox-93471
1594369011.4963324 [INFO] [launch]: Default logging verbosity is set to INFO
1594369012.7082944 [INFO] [gzserver-1]: process started with pid [93474]
1594369012.7088006 [INFO] [gzclient-2]: process started with pid [93476]
1594369012.7098744 [INFO] [robot_state_publisher-3]: process started with pid [93478]
1594369012.7101333 [INFO] [rviz2-4]: process started with pid [93480]
1594369012.7102978 [INFO] [map_server-5]: process started with pid [93482]
1594369012.7104602 [INFO] [amcl-6]: process started with pid [93485]
1594369012.7105913 [INFO] [lifecycle_manager-7]: process started with pid [93495]
1594369012.7107165 [INFO] [controller_server-8]: process started with pid [93497]
1594369012.7108405 [INFO] [planner_server-9]: process started with pid [93499]
1594369012.7110159 [INFO] [recoveries_server-10]: process started with pid [93502]
1594369012.7111526 [INFO] [bt_navigator-11]: process started with pid [93520]
1594369012.7112763 [INFO] [waypoint_follower-12]: process started with pid [93523]
1594369012.7113976 [INFO] [lifecycle_manager-13]: process started with pid [93541]
1594369222.8074031 [INFO] [rviz2-4]: process has finished cleanly [pid 93480]
1594369222.8485584 [INFO] [lifecycle_manager-13]: sending signal 'SIGINT' to process[lifecycle_manager-13]
1594369222.8541324 [INFO] [waypoint_follower-12]: sending signal 'SIGINT' to process[waypoint_follower-12]
1594369222.8602564 [INFO] [bt_navigator-11]: sending signal 'SIGINT' to process[bt_navigator-11]
1594369222.8652949 [INFO] [recoveries_server-10]: sending signal 'SIGINT' to process[recoveries_server-10]
1594369222.8764246 [INFO] [planner_server-9]: sending signal 'SIGINT' to process[planner_server-9]
1594369222.8879917 [INFO] [controller_server-8]: sending signal 'SIGINT' to process[controller_server-8]
1594369222.9001644 [INFO] [lifecycle_manager-7]: sending signal 'SIGINT' to process[lifecycle_manager-7]
1594369222.9109581 [INFO] [amcl-6]: sending signal 'SIGINT' to process[amcl-6]
1594369222.9153838 [INFO] [map_server-5]: sending signal 'SIGINT' to process[map_server-5]
1594369222.9264021 [INFO] [robot_state_publisher-3]: sending signal 'SIGINT' to process[robot_state_publisher-3]
1594369222.9421780 [INFO] [gzclient-2]: sending signal 'SIGINT' to process[gzclient-2]
1594369223.0395162 [INFO] [gzserver-1]: sending signal 'SIGINT' to process[gzserver-1]
1594369223.1022179 [INFO] [recoveries_server-10]: process has finished cleanly [pid 93502]
1594369223.1034114 [INFO] [controller_server-8]: process has finished cleanly [pid 93497]
1594369223.1063511 [INFO] [planner_server-9]: process has finished cleanly [pid 93499]
1594369223.6525545 [INFO] [gzclient-2]: process has finished cleanly [pid 93476]
1594369224.0739090 [INFO] [map_server-5]: process has finished cleanly [pid 93482]
1594369224.1465950 [INFO] [lifecycle_manager-7]: process has finished cleanly [pid 93495]
1594369224.1723037 [INFO] [lifecycle_manager-13]: process has finished cleanly [pid 93541]
1594369224.2201877 [INFO] [amcl-6]: process has finished cleanly [pid 93485]
1594369224.2324951 [INFO] [waypoint_follower-12]: process has finished cleanly [pid 93523]
1594369224.2437501 [INFO] [bt_navigator-11]: process has finished cleanly [pid 93520]
1594369225.0021033 [INFO] [robot_state_publisher-3]: process has finished cleanly [pid 93478]
1594369227.7736096 [INFO] [gzserver-1]: process has finished cleanly [pid 93474]
