1594369372.9301157 [INFO] [launch]: All log files can be found below /home/miguel/.ros/log/2020-07-10-10-22-52-920963-ubuntu-vbox-94389
1594369372.9308779 [INFO] [launch]: Default logging verbosity is set to INFO
1594369374.1324980 [INFO] [gzserver-1]: process started with pid [94411]
1594369374.1340146 [INFO] [gzclient-2]: process started with pid [94413]
1594369374.1344414 [INFO] [robot_state_publisher-3]: process started with pid [94415]
1594369374.1349323 [INFO] [rviz2-4]: process started with pid [94417]
1594369374.1352143 [INFO] [map_server-5]: process started with pid [94419]
1594369374.1355014 [INFO] [amcl-6]: process started with pid [94421]
1594369374.1357582 [INFO] [lifecycle_manager-7]: process started with pid [94426]
1594369374.1360574 [INFO] [controller_server-8]: process started with pid [94430]
1594369374.1362703 [INFO] [planner_server-9]: process started with pid [94434]
1594369374.1364620 [INFO] [recoveries_server-10]: process started with pid [94436]
1594369374.1368029 [INFO] [bt_navigator-11]: process started with pid [94438]
1594369374.1370323 [INFO] [waypoint_follower-12]: process started with pid [94447]
1594369374.1372006 [INFO] [lifecycle_manager-13]: process started with pid [94450]
1594369568.6661110 [ERROR] [rviz2-4]: process has died [pid 94417, exit code -11, cmd '/home/miguel/ros2_master/install/rviz2/lib/rviz2/rviz2 -d /home/miguel/navigation2/nav2_ws/install/nav2_bringup/share/nav2_bringup/rviz/nav2_default_view.rviz --ros-args -r __node:=rviz2'].
1594369568.6836057 [INFO] [lifecycle_manager-13]: sending signal 'SIGINT' to process[lifecycle_manager-13]
1594369568.6921785 [INFO] [waypoint_follower-12]: sending signal 'SIGINT' to process[waypoint_follower-12]
1594369568.6992996 [INFO] [bt_navigator-11]: sending signal 'SIGINT' to process[bt_navigator-11]
1594369568.7059531 [INFO] [recoveries_server-10]: sending signal 'SIGINT' to process[recoveries_server-10]
1594369568.7174459 [INFO] [planner_server-9]: sending signal 'SIGINT' to process[planner_server-9]
1594369568.7263510 [INFO] [controller_server-8]: sending signal 'SIGINT' to process[controller_server-8]
1594369568.7403972 [INFO] [lifecycle_manager-7]: sending signal 'SIGINT' to process[lifecycle_manager-7]
1594369568.7501960 [INFO] [amcl-6]: sending signal 'SIGINT' to process[amcl-6]
1594369568.7627568 [INFO] [map_server-5]: sending signal 'SIGINT' to process[map_server-5]
1594369568.8888097 [INFO] [robot_state_publisher-3]: sending signal 'SIGINT' to process[robot_state_publisher-3]
1594369569.0202332 [INFO] [gzclient-2]: sending signal 'SIGINT' to process[gzclient-2]
1594369569.0407803 [INFO] [recoveries_server-10]: process has finished cleanly [pid 94436]
1594369569.0449486 [INFO] [controller_server-8]: process has finished cleanly [pid 94430]
1594369569.0476511 [INFO] [planner_server-9]: process has finished cleanly [pid 94434]
1594369569.0693860 [INFO] [gzserver-1]: sending signal 'SIGINT' to process[gzserver-1]
1594369569.0707312 [INFO] [robot_state_publisher-3]: process has finished cleanly [pid 94415]
1594369569.0710628 [INFO] [waypoint_follower-12]: process has finished cleanly [pid 94447]
1594369569.0712516 [INFO] [map_server-5]: process has finished cleanly [pid 94419]
1594369569.0715251 [INFO] [lifecycle_manager-7]: process has finished cleanly [pid 94426]
1594369569.0722101 [INFO] [lifecycle_manager-13]: process has finished cleanly [pid 94450]
1594369569.0725219 [INFO] [amcl-6]: process has finished cleanly [pid 94421]
1594369569.0983002 [INFO] [bt_navigator-11]: process has finished cleanly [pid 94438]
1594369569.5829234 [INFO] [gzclient-2]: process has finished cleanly [pid 94413]
1594369569.7232344 [INFO] [gzserver-1]: process has finished cleanly [pid 94411]
